[0mGET /article/list/fas%20koksfaklf [32m200 [0m24.883 ms - 2336[0m
[0mGET /lib/bootstrap/dist/css/bootstrap.css [36m304 [0m13.166 ms - -[0m
[0mGET /lib/jquery/dist/jquery.js [36m304 [0m13.218 ms - -[0m
[0mGET /lib/bootstrap/dist/js/bootstrap.js [36m304 [0m14.596 ms - -[0m
[0mGET /article/list/fas%20koksfaklf [36m304 [0m24.731 ms - -[0m
[0mGET /lib/bootstrap/dist/css/bootstrap.css [36m304 [0m13.543 ms - -[0m
[0mGET /lib/jquery/dist/jquery.js [36m304 [0m14.164 ms - -[0m
[0mGET /lib/bootstrap/dist/js/bootstrap.js [36m304 [0m15.106 ms - -[0m
[0mGET / [36m302 [0m6.588 ms - 70[0m
[0mGET /article/list [36m304 [0m58.147 ms - -[0m
[0mGET /lib/bootstrap/dist/css/bootstrap.css [36m304 [0m13.914 ms - -[0m
[0mGET /lib/jquery/dist/jquery.js [36m304 [0m10.238 ms - -[0m
[0mGET /lib/bootstrap/dist/js/bootstrap.js [36m304 [0m10.167 ms - -[0m
[0mGET /article/list [36m304 [0m92.753 ms - -[0m
[0mGET /lib/bootstrap/dist/css/bootstrap.css [36m304 [0m12.119 ms - -[0m
[0mGET /lib/jquery/dist/jquery.js [36m304 [0m12.240 ms - -[0m
[0mGET /lib/bootstrap/dist/js/bootstrap.js [36m304 [0m13.549 ms - -[0m
[0mGET /article/list [36m304 [0m13.828 ms - -[0m
[0mGET /lib/bootstrap/dist/css/bootstrap.css [36m304 [0m5.690 ms - -[0m
[0mGET /lib/jquery/dist/jquery.js [36m304 [0m6.627 ms - -[0m
[0mGET /lib/bootstrap/dist/js/bootstrap.js [36m304 [0m6.979 ms - -[0m
[0mGET /article/list [32m200 [0m90.854 ms - 6532[0m
[0mGET /article/list [36m304 [0m17.722 ms - -[0m
